TN:
SF:index.js
FN:5,signJwt
FN:13,verifyJwt
FN:23,decodeJwt
FNF:3
FNH:3
FNDA:3,signJwt
FNDA:3,verifyJwt
FNDA:3,decodeJwt
DA:1,1
DA:2,1
DA:3,1
DA:4,1
DA:5,3
DA:6,3
DA:7,3
DA:8,2
DA:9,3
DA:10,1
DA:11,1
DA:12,1
DA:13,3
DA:14,3
DA:15,3
DA:16,3
DA:17,3
DA:18,3
DA:19,3
DA:20,2
DA:21,2
DA:22,3
DA:23,3
DA:24,3
DA:25,3
DA:26,3
DA:27,2
DA:28,2
DA:29,1
DA:30,1
DA:31,1
DA:32,1
DA:33,1
DA:34,1
LF:34
LH:34
BRDA:5,0,0,3
BRDA:7,1,0,1
BRDA:7,2,0,2
BRDA:9,3,0,1
BRDA:13,4,0,3
BRDA:17,5,0,1
BRDA:19,6,0,2
BRDA:23,7,0,3
BRDA:26,8,0,1
BRDA:26,9,0,2
BRF:10
BRH:10
end_of_record
